<?xml version="1.0" encoding="UTF-8"?>
<!-- Generated by org.testng.reporters.JUnitXMLReporter -->
<testsuite ignored="0" hostname="LAPTOP-I4QEE136" failures="1" tests="2" name="Default test" time="27.562" errors="0" timestamp="2023-02-03T09:50:52 ICT">
  <testcase classname="io.cucumber.testng.AbstractTestNGCucumberTests" name="runScenario" time="22.037"/>
  <testcase classname="io.cucumber.testng.AbstractTestNGCucumberTests" name="runScenario" time="1.565">
    <failure type="java.lang.AssertionError" message="expected [Quick Launc] but found [Quick Launch]">
      <![CDATA[java.lang.AssertionError: expected [Quick Launc] but found [Quick Launch]
at org.testng.Assert.fail(Assert.java:110)
at org.testng.Assert.failNotEquals(Assert.java:1413)
at org.testng.Assert.assertEqualsImpl(Assert.java:149)
at org.testng.Assert.assertEquals(Assert.java:131)
at org.testng.Assert.assertEquals(Assert.java:655)
at org.testng.Assert.assertEquals(Assert.java:665)
at com.tia.cucumber.step_definitions.TestDashboard.user_on_dashboard_page(TestDashboard.java:33)
at ✽.User on dashboard page(file:///C:/Users/train/eclipse/juaracoding/automation-testing/cucumber-java/src/main/resources/features/02.Dashboard.feature:5)
]]>
    </failure>
  </testcase> <!-- runScenario -->
</testsuite> <!-- Default test -->
